#-----------------------------------------------------------
# Vivado v2022.2 (64-bit)
# SW Build 3671981 on Fri Oct 14 05:00:03 MDT 2022
# IP Build 3669848 on Fri Oct 14 08:30:02 MDT 2022
# Start of session at: Tue May 13 14:29:18 2025
# Process ID: 13644
# Current directory: C:/Users/DELL/OneDrive/Desktop/FYP/TESTING/Complete_bridge_testing
# Command line: vivado.exe -gui_launcher_event rodinguilauncherevent16028 C:\Users\DELL\OneDrive\Desktop\FYP\TESTING\Complete_bridge_testing\AXI2WB_bridge test.xpr
# Log file: C:/Users/DELL/OneDrive/Desktop/FYP/TESTING/Complete_bridge_testing/vivado.log
# Journal file: C:/Users/DELL/OneDrive/Desktop/FYP/TESTING/Complete_bridge_testing\vivado.jou
# Running On: DESKTOP-J0OTQA0, OS: Windows, CPU Frequency: 2295 MHz, CPU Physical cores: 2, Host memory: 17065 MB
#-----------------------------------------------------------
start_gui
open_project {C:/Users/DELL/OneDrive/Desktop/FYP/TESTING/Complete_bridge_testing/AXI2WB_bridge test.xpr}
WARNING: [Board 49-26] cannot add Board Part digilentinc.com:arty-z7-10:part0:1.1 available at C:/Xilinx/Vivado/2022.2/data/boards/board_files/arty-z7-10/A.0/board.xml as part xc7z010clg400-1 specified in board_part file is either invalid or not available
WARNING: [Board 49-26] cannot add Board Part digilentinc.com:arty-z7-20:part0:1.1 available at C:/Xilinx/Vivado/2022.2/data/boards/board_files/arty-z7-20/A.0/board.xml as part xc7z020clg400-1 specified in board_part file is either invalid or not available
WARNING: [Board 49-26] cannot add Board Part digilentinc.com:cora-z7-07s:part0:1.1 available at C:/Xilinx/Vivado/2022.2/data/boards/board_files/cora-z7-07s/B.0/board.xml as part xc7z007sclg400-1 specified in board_part file is either invalid or not available
WARNING: [Board 49-26] cannot add Board Part digilentinc.com:cora-z7-10:part0:1.1 available at C:/Xilinx/Vivado/2022.2/data/boards/board_files/cora-z7-10/B.0/board.xml as part xc7z010clg400-1 specified in board_part file is either invalid or not available
WARNING: [Board 49-26] cannot add Board Part digilentinc.com:eclypse-z7:part0:1.0 available at C:/Xilinx/Vivado/2022.2/data/boards/board_files/eclypse-z7/A.0/board.xml as part xc7z020clg484-1 specified in board_part file is either invalid or not available
WARNING: [Board 49-26] cannot add Board Part digilentinc.com:eclypse-z7:part0:1.1 available at C:/Xilinx/Vivado/2022.2/data/boards/board_files/eclypse-z7/B.0/board.xml as part xc7z020clg484-1 specified in board_part file is either invalid or not available
WARNING: [Board 49-26] cannot add Board Part digilentinc.com:gzu_3eg:part0:1.0 available at C:/Xilinx/Vivado/2022.2/data/boards/board_files/genesys-zu-3eg/B.0/board.xml as part xczu3eg-sfvc784-1-e specified in board_part file is either invalid or not available
WARNING: [Board 49-26] cannot add Board Part digilentinc.com:gzu_3eg:part0:1.1 available at C:/Xilinx/Vivado/2022.2/data/boards/board_files/genesys-zu-3eg/D.0/board.xml as part xczu3eg-sfvc784-1-e specified in board_part file is either invalid or not available
WARNING: [Board 49-26] cannot add Board Part digilentinc.com:gzu_5ev:part0:1.1 available at C:/Xilinx/Vivado/2022.2/data/boards/board_files/genesys-zu-5ev/C.0/board.xml as part xczu5ev-sfvc784-1-e specified in board_part file is either invalid or not available
WARNING: [Board 49-26] cannot add Board Part digilentinc.com:zedboard:part0:1.1 available at C:/Xilinx/Vivado/2022.2/data/boards/board_files/zedboard/1.3/board.xml as part xc7z020clg484-1 specified in board_part file is either invalid or not available
WARNING: [Board 49-26] cannot add Board Part digilentinc.com:zybo-z7-10:part0:1.2 available at C:/Xilinx/Vivado/2022.2/data/boards/board_files/zybo-z7-10/A.0/board.xml as part xc7z010clg400-1 specified in board_part file is either invalid or not available
WARNING: [Board 49-26] cannot add Board Part digilentinc.com:zybo-z7-20:part0:1.2 available at C:/Xilinx/Vivado/2022.2/data/boards/board_files/zybo-z7-20/A.0/board.xml as part xc7z020clg400-1 specified in board_part file is either invalid or not available
WARNING: [Board 49-26] cannot add Board Part digilentinc.com:zybo:part0:1.0 available at C:/Xilinx/Vivado/2022.2/data/boards/board_files/zybo/B.3/board.xml as part xc7z010clg400-1 specified in board_part file is either invalid or not available
WARNING: [Board 49-26] cannot add Board Part digilentinc.com:zybo:part0:2.0 available at C:/Xilinx/Vivado/2022.2/data/boards/board_files/zybo/B.4/board.xml as part xc7z010clg400-1 specified in board_part file is either invalid or not available
WARNING: [Board 49-26] cannot add Board Part xilinx.com:kcu105:part0:1.6 available at C:/Xilinx/Vivado/2022.2/data/xhub/boards/XilinxBoardStore/boards/Xilinx/kcu105/1.6/board.xml as part xcku040-ffva1156-2-e specified in board_part file is either invalid or not available
WARNING: [Board 49-26] cannot add Board Part xilinx.com:kcu105:part0:1.7 available at C:/Xilinx/Vivado/2022.2/data/xhub/boards/XilinxBoardStore/boards/Xilinx/kcu105/1.7/board.xml as part xcku040-ffva1156-2-e specified in board_part file is either invalid or not available
WARNING: [Board 49-26] cannot add Board Part xilinx.com:kcu116:part0:1.4 available at C:/Xilinx/Vivado/2022.2/data/xhub/boards/XilinxBoardStore/boards/Xilinx/kcu116/1.4/board.xml as part xcku5p-ffvb676-2-e specified in board_part file is either invalid or not available
WARNING: [Board 49-26] cannot add Board Part xilinx.com:kcu116:part0:1.5 available at C:/Xilinx/Vivado/2022.2/data/xhub/boards/XilinxBoardStore/boards/Xilinx/kcu116/1.5/board.xml as part xcku5p-ffvb676-2-e specified in board_part file is either invalid or not available
WARNING: [Board 49-26] cannot add Board Part xilinx.com:kcu1500:part0:1.2 available at C:/Xilinx/Vivado/2022.2/data/xhub/boards/XilinxBoardStore/boards/Xilinx/kcu1500/1.2/board.xml as part xcku115-flvb2104-2-e specified in board_part file is either invalid or not available
WARNING: [Board 49-26] cannot add Board Part xilinx.com:vck190:part0:2.2 available at C:/Xilinx/Vivado/2022.2/data/xhub/boards/XilinxBoardStore/boards/Xilinx/vck190/production/2.2/board.xml as part xcvc1902-vsva2197-2mp-e-s specified in board_part file is either invalid or not available
WARNING: [Board 49-26] cannot add Board Part xilinx.com:vck190:part0:3.0 available at C:/Xilinx/Vivado/2022.2/data/xhub/boards/XilinxBoardStore/boards/Xilinx/vck190/production/3.0/board.xml as part xcvc1902-vsva2197-2mp-e-s specified in board_part file is either invalid or not available
WARNING: [Board 49-26] cannot add Board Part xilinx.com:vck190:part0:3.1 available at C:/Xilinx/Vivado/2022.2/data/xhub/boards/XilinxBoardStore/boards/Xilinx/vck190/production/3.1/board.xml as part xcvc1902-vsva2197-2mp-e-s specified in board_part file is either invalid or not available
WARNING: [Board 49-26] cannot add Board Part xilinx.com:vck190_newl:part0:1.0 available at C:/Xilinx/Vivado/2022.2/data/xhub/boards/XilinxBoardStore/boards/Xilinx/vck190_newl/production/1.0/board.xml as part xcvc1902-vsva2197-2mp-e-s specified in board_part file is either invalid or not available
WARNING: [Board 49-26] cannot add Board Part xilinx.com:vcu108:part0:1.6 available at C:/Xilinx/Vivado/2022.2/data/xhub/boards/XilinxBoardStore/boards/Xilinx/vcu108/1.6/board.xml as part xcvu095-ffva2104-2-e specified in board_part file is either invalid or not available
WARNING: [Board 49-26] cannot add Board Part xilinx.com:vcu108:part0:1.7 available at C:/Xilinx/Vivado/2022.2/data/xhub/boards/XilinxBoardStore/boards/Xilinx/vcu108/1.7/board.xml as part xcvu095-ffva2104-2-e specified in board_part file is either invalid or not available
WARNING: [Board 49-26] cannot add Board Part xilinx.com:vcu110:part0:1.4 available at C:/Xilinx/Vivado/2022.2/data/xhub/boards/XilinxBoardStore/boards/Xilinx/vcu110/1.4/board.xml as part xcvu190-flgc2104-2-e specified in board_part file is either invalid or not available
WARNING: [Board 49-26] cannot add Board Part xilinx.com:vcu118:part0:2.0 available at C:/Xilinx/Vivado/2022.2/data/xhub/boards/XilinxBoardStore/boards/Xilinx/vcu118/2.0/board.xml as part xcvu9p-flga2104-2l-e specified in board_part file is either invalid or not available
WARNING: [Board 49-26] cannot add Board Part xilinx.com:vcu118:part0:2.3 available at C:/Xilinx/Vivado/2022.2/data/xhub/boards/XilinxBoardStore/boards/Xilinx/vcu118/2.3/board.xml as part xcvu9p-flga2104-2l-e specified in board_part file is either invalid or not available
WARNING: [Board 49-26] cannot add Board Part xilinx.com:vcu118:part0:2.4 available at C:/Xilinx/Vivado/2022.2/data/xhub/boards/XilinxBoardStore/boards/Xilinx/vcu118/2.4/board.xml as part xcvu9p-flga2104-2l-e specified in board_part file is either invalid or not available
WARNING: [Board 49-26] cannot add Board Part xilinx.com:vcu128:part0:1.0 available at C:/Xilinx/Vivado/2022.2/data/xhub/boards/XilinxBoardStore/boards/Xilinx/vcu128/production/1.0/board.xml as part xcvu37p-fsvh2892-2l-e specified in board_part file is either invalid or not available
WARNING: [Board 49-26] cannot add Board Part xilinx.com:vcu129:part0:1.0 available at C:/Xilinx/Vivado/2022.2/data/xhub/boards/XilinxBoardStore/boards/Xilinx/vcu129/production/1.0/board.xml as part xcvu29p-fsga2577-2l-e specified in board_part file is either invalid or not available
WARNING: [Board 49-26] cannot add Board Part xilinx.com:vcu1525:part0:1.3 available at C:/Xilinx/Vivado/2022.2/data/xhub/boards/XilinxBoardStore/boards/Xilinx/vcu1525/1.3/board.xml as part xcvu9p-fsgd2104-2l-e specified in board_part file is either invalid or not available
WARNING: [Board 49-26] cannot add Board Part xilinx.com:vek280_es:part0:1.0 available at C:/Xilinx/Vivado/2022.2/data/xhub/boards/XilinxBoardStore/boards/Xilinx/vek280/es/1.0/board.xml as part xcve2802-vsvh1760-2lp-e-s-es1 specified in board_part file is either invalid or not available
WARNING: [Board 49-26] cannot add Board Part xilinx.com:vermeo_t1_mpsoc:part0:1.0 available at C:/Xilinx/Vivado/2022.2/data/xhub/boards/XilinxBoardStore/boards/Xilinx/vermeo_t1_mpsoc/1.0/board.xml as part xczu19eg-ffvd1760-2l-e specified in board_part file is either invalid or not available
WARNING: [Board 49-26] cannot add Board Part xilinx.com:vermeo_t1_rfsoc:part0:1.0 available at C:/Xilinx/Vivado/2022.2/data/xhub/boards/XilinxBoardStore/boards/Xilinx/vermeo_t1_rfsoc/1.0/board.xml as part xczu21dr-ffvd1156-2l-e specified in board_part file is either invalid or not available
WARNING: [Board 49-26] cannot add Board Part xilinx.com:vhk158_es:part0:1.0 available at C:/Xilinx/Vivado/2022.2/data/xhub/boards/XilinxBoardStore/boards/Xilinx/vhk158/es/1.0/board.xml as part xcvh1582-vsva3697-2mp-e-s-es1 specified in board_part file is either invalid or not available
WARNING: [Board 49-26] cannot add Board Part xilinx.com:vmk180:part0:2.2 available at C:/Xilinx/Vivado/2022.2/data/xhub/boards/XilinxBoardStore/boards/Xilinx/vmk180/production/2.2/board.xml as part xcvm1802-vsva2197-2mp-e-s specified in board_part file is either invalid or not available
WARNING: [Board 49-26] cannot add Board Part xilinx.com:vmk180:part0:3.0 available at C:/Xilinx/Vivado/2022.2/data/xhub/boards/XilinxBoardStore/boards/Xilinx/vmk180/production/3.0/board.xml as part xcvm1802-vsva2197-2mp-e-s specified in board_part file is either invalid or not available
WARNING: [Board 49-26] cannot add Board Part xilinx.com:vmk180:part0:3.1 available at C:/Xilinx/Vivado/2022.2/data/xhub/boards/XilinxBoardStore/boards/Xilinx/vmk180/production/3.1/board.xml as part xcvm1802-vsva2197-2mp-e-s specified in board_part file is either invalid or not available
WARNING: [Board 49-26] cannot add Board Part xilinx.com:vmk180_newl:part0:1.0 available at C:/Xilinx/Vivado/2022.2/data/xhub/boards/XilinxBoardStore/boards/Xilinx/vmk180_newl/production/1.0/board.xml as part xcvm1802-vsva2197-2mp-e-s specified in board_part file is either invalid or not available
WARNING: [Board 49-26] cannot add Board Part xilinx.com:vpk120:part0:1.0 available at C:/Xilinx/Vivado/2022.2/data/xhub/boards/XilinxBoardStore/boards/Xilinx/vpk120/production/1.0/board.xml as part xcvp1202-vsva2785-2mp-e-s specified in board_part file is either invalid or not available
WARNING: [Board 49-26] cannot add Board Part xilinx.com:vpk120_es:part0:1.2 available at C:/Xilinx/Vivado/2022.2/data/xhub/boards/XilinxBoardStore/boards/Xilinx/vpk120/es/1.2/board.xml as part xcvp1202-vsva2785-2mp-e-s-es1 specified in board_part file is either invalid or not available
WARNING: [Board 49-26] cannot add Board Part xilinx.com:vpk120_es_revb:part0:1.0 available at C:/Xilinx/Vivado/2022.2/data/xhub/boards/XilinxBoardStore/boards/Xilinx/vpk120_revb/es/1.0/board.xml as part xcvp1202-vsva2785-2mp-e-s-es1 specified in board_part file is either invalid or not available
WARNING: [Board 49-26] cannot add Board Part xilinx.com:vpk180_es:part0:1.0 available at C:/Xilinx/Vivado/2022.2/data/xhub/boards/XilinxBoardStore/boards/Xilinx/vpk180/es/1.0/board.xml as part xcvp1802-lsvc4072-2mp-e-s-es1 specified in board_part file is either invalid or not available
WARNING: [Board 49-26] cannot add Board Part xilinx.com:zc702:part0:1.4 available at C:/Xilinx/Vivado/2022.2/data/xhub/boards/XilinxBoardStore/boards/Xilinx/zc702/1.4/board.xml as part xc7z020clg484-1 specified in board_part file is either invalid or not available
WARNING: [Board 49-26] cannot add Board Part xilinx.com:zc706:part0:1.4 available at C:/Xilinx/Vivado/2022.2/data/xhub/boards/XilinxBoardStore/boards/Xilinx/zc706/1.4/board.xml as part xc7z045ffg900-2 specified in board_part file is either invalid or not available
WARNING: [Board 49-26] cannot add Board Part xilinx.com:zcu102:part0:3.3 available at C:/Xilinx/Vivado/2022.2/data/xhub/boards/XilinxBoardStore/boards/Xilinx/zcu102/3.3/board.xml as part xczu9eg-ffvb1156-2-e specified in board_part file is either invalid or not available
WARNING: [Board 49-26] cannot add Board Part xilinx.com:zcu102:part0:3.4 available at C:/Xilinx/Vivado/2022.2/data/xhub/boards/XilinxBoardStore/boards/Xilinx/zcu102/3.4/board.xml as part xczu9eg-ffvb1156-2-e specified in board_part file is either invalid or not available
WARNING: [Board 49-26] cannot add Board Part xilinx.com:zcu104:part0:1.1 available at C:/Xilinx/Vivado/2022.2/data/xhub/boards/XilinxBoardStore/boards/Xilinx/zcu104/1.1/board.xml as part xczu7ev-ffvc1156-2-e specified in board_part file is either invalid or not available
WARNING: [Board 49-26] cannot add Board Part xilinx.com:zcu106:part0:2.4 available at C:/Xilinx/Vivado/2022.2/data/xhub/boards/XilinxBoardStore/boards/Xilinx/zcu106/2.4/board.xml as part xczu7ev-ffvc1156-2-e specified in board_part file is either invalid or not available
WARNING: [Board 49-26] cannot add Board Part xilinx.com:zcu106:part0:2.5 available at C:/Xilinx/Vivado/2022.2/data/xhub/boards/XilinxBoardStore/boards/Xilinx/zcu106/2.5/board.xml as part xczu7ev-ffvc1156-2-e specified in board_part file is either invalid or not available
WARNING: [Board 49-26] cannot add Board Part xilinx.com:zcu106:part0:2.6 available at C:/Xilinx/Vivado/2022.2/data/xhub/boards/XilinxBoardStore/boards/Xilinx/zcu106/2.6/board.xml as part xczu7ev-ffvc1156-2-e specified in board_part file is either invalid or not available
WARNING: [Board 49-26] cannot add Board Part xilinx.com:zcu111:part0:1.2 available at C:/Xilinx/Vivado/2022.2/data/xhub/boards/XilinxBoardStore/boards/Xilinx/zcu111/1.2/board.xml as part xczu28dr-ffvg1517-2-e specified in board_part file is either invalid or not available
WARNING: [Board 49-26] cannot add Board Part xilinx.com:zcu111:part0:1.3 available at C:/Xilinx/Vivado/2022.2/data/xhub/boards/XilinxBoardStore/boards/Xilinx/zcu111/1.3/board.xml as part xczu28dr-ffvg1517-2-e specified in board_part file is either invalid or not available
WARNING: [Board 49-26] cannot add Board Part xilinx.com:zcu111:part0:1.4 available at C:/Xilinx/Vivado/2022.2/data/xhub/boards/XilinxBoardStore/boards/Xilinx/zcu111/1.4/board.xml as part xczu28dr-ffvg1517-2-e specified in board_part file is either invalid or not available
WARNING: [Board 49-26] cannot add Board Part xilinx.com:zcu1275:part0:1.0 available at C:/Xilinx/Vivado/2022.2/data/xhub/boards/XilinxBoardStore/boards/Xilinx/zcu1275/1.0/board.xml as part xczu29dr-ffvf1760-2-e specified in board_part file is either invalid or not available
WARNING: [Board 49-26] cannot add Board Part xilinx.com:zcu1285:part0:1.0 available at C:/Xilinx/Vivado/2022.2/data/xhub/boards/XilinxBoardStore/boards/Xilinx/zcu1285/1.0/board.xml as part xczu39dr-ffvf1760-2-i specified in board_part file is either invalid or not available
WARNING: [Board 49-26] cannot add Board Part xilinx.com:zcu208:part0:2.0 available at C:/Xilinx/Vivado/2022.2/data/xhub/boards/XilinxBoardStore/boards/Xilinx/zcu208/production/2.0/board.xml as part xczu48dr-fsvg1517-2-e specified in board_part file is either invalid or not available
WARNING: [Board 49-26] cannot add Board Part xilinx.com:zcu208ld:part0:2.0 available at C:/Xilinx/Vivado/2022.2/data/xhub/boards/XilinxBoardStore/boards/Xilinx/zcu208ld/production/2.0/board.xml as part xczu58dr-fsvg1517-2-i specified in board_part file is either invalid or not available
WARNING: [Board 49-26] cannot add Board Part xilinx.com:zcu216:part0:2.0 available at C:/Xilinx/Vivado/2022.2/data/xhub/boards/XilinxBoardStore/boards/Xilinx/zcu216/production/2.0/board.xml as part xczu49dr-ffvf1760-2-e specified in board_part file is either invalid or not available
WARNING: [Board 49-26] cannot add Board Part xilinx.com:zcu216ld:part0:2.0 available at C:/Xilinx/Vivado/2022.2/data/xhub/boards/XilinxBoardStore/boards/Xilinx/zcu216ld/production/2.0/board.xml as part xczu59dr-ffvf1760-2-i specified in board_part file is either invalid or not available
WARNING: [Board 49-26] cannot add Board Part xilinx.com:zcu670:part0:2.0 available at C:/Xilinx/Vivado/2022.2/data/xhub/boards/XilinxBoardStore/boards/Xilinx/zcu670/2.0/board.xml as part xczu67dr-fsve1156-2-i specified in board_part file is either invalid or not available
WARNING: [Board 49-26] cannot add Board Part xilinx.com:zcu670ld:part0:1.0 available at C:/Xilinx/Vivado/2022.2/data/xhub/boards/XilinxBoardStore/boards/Xilinx/zcu670ld/1.0/board.xml as part xczu57dr-fsve1156-2-i specified in board_part file is either invalid or not available
Scanning sources...
Finished scanning sources
INFO: [IP_Flow 19-234] Refreshing IP repositories
INFO: [IP_Flow 19-1700] Loaded user IP repository 'c:/Users/DELL/OneDrive/Desktop/FYP/TESTING/ip_repo/adder_bridge_1_0'.
INFO: [IP_Flow 19-2313] Loaded Vivado IP repository 'C:/Xilinx/Vivado/2022.2/data/ip'.
open_project: Time (s): cpu = 00:00:41 ; elapsed = 00:00:19 . Memory (MB): peak = 1139.691 ; gain = 325.895
update_compile_order -fileset sources_1
launch_simulation
Command: launch_simulation 
INFO: [Vivado 12-12493] Simulation top is 'WB2AXI_tb'
WARNING: [Vivado 12-13340] Unable to auto find GCC executables from simulator install path! (path not set)
WARNING: [Vivado 12-13277] Compiled library path does not exist: ''
INFO: [Vivado 12-5682] Launching behavioral simulation in 'C:/Users/DELL/OneDrive/Desktop/FYP/TESTING/Complete_bridge_testing/AXI2WB_bridge test.sim/sim_1/behav/xsim'
INFO: [SIM-utils-51] Simulation object is 'sim_1'
INFO: [SIM-utils-72] Using boost library from 'C:/Xilinx/Vivado/2022.2/tps/boost_1_72_0'
INFO: [SIM-utils-54] Inspecting design source files for 'WB2AXI_tb' in fileset 'sim_1'...
INFO: [USF-XSim-97] Finding global include files...
INFO: [USF-XSim-98] Fetching design files from 'sim_1'...
INFO: [USF-XSim-2] XSim::Compile design
INFO: [USF-XSim-61] Executing 'COMPILE and ANALYZE' step in 'C:/Users/DELL/OneDrive/Desktop/FYP/TESTING/Complete_bridge_testing/AXI2WB_bridge test.sim/sim_1/behav/xsim'
"xvlog --incr --relax -prj WB2AXI_tb_vlog.prj"
INFO: [USF-XSim-69] 'compile' step finished in '2' seconds
INFO: [USF-XSim-3] XSim::Elaborate design
INFO: [USF-XSim-61] Executing 'ELABORATE' step in 'C:/Users/DELL/OneDrive/Desktop/FYP/TESTING/Complete_bridge_testing/AXI2WB_bridge test.sim/sim_1/behav/xsim'
"xelab --incr --debug typical --relax --mt 2 -L xil_defaultlib -L unisims_ver -L unimacro_ver -L secureip --snapshot WB2AXI_tb_behav xil_defaultlib.WB2AXI_tb xil_defaultlib.glbl -log elaborate.log"
Vivado Simulator v2022.2
Copyright 1986-1999, 2001-2022 Xilinx, Inc. All Rights Reserved.
Running: C:/Xilinx/Vivado/2022.2/bin/unwrapped/win64.o/xelab.exe --incr --debug typical --relax --mt 2 -L xil_defaultlib -L unisims_ver -L unimacro_ver -L secureip --snapshot WB2AXI_tb_behav xil_defaultlib.WB2AXI_tb xil_defaultlib.glbl -log elaborate.log 
Using 2 slave threads.
Starting static elaboration
Pass Through NonSizing Optimizer
WARNING: [VRFC 10-5021] port 'i_mwb_rdt' is not connected on this instance [C:/Users/DELL/OneDrive/Desktop/FYP/TESTING/Complete_bridge_testing/AXI2WB_bridge test.srcs/sim_1/new/WB2AXI_tb.v:25]
Completed static elaboration
INFO: [XSIM 43-4323] No Change in HDL. Linking previously generated obj files to create kernel
INFO: [USF-XSim-69] 'elaborate' step finished in '3' seconds
INFO: [USF-XSim-4] XSim::Simulate design
INFO: [USF-XSim-61] Executing 'SIMULATE' step in 'C:/Users/DELL/OneDrive/Desktop/FYP/TESTING/Complete_bridge_testing/AXI2WB_bridge test.sim/sim_1/behav/xsim'
INFO: [USF-XSim-98] *** Running xsim
   with args "WB2AXI_tb_behav -key {Behavioral:sim_1:Functional:WB2AXI_tb} -tclbatch {WB2AXI_tb.tcl} -log {simulate.log}"
INFO: [USF-XSim-8] Loading simulator feature
Time resolution is 1 ps
source WB2AXI_tb.tcl
# set curr_wave [current_wave_config]
# if { [string length $curr_wave] == 0 } {
#   if { [llength [get_objects]] > 0} {
#     add_wave /
#     set_property needs_save false [current_wave_config]
#   } else {
#      send_msg_id Add_Wave-1 WARNING "No top level signals found. Simulator will start without a wave window. If you want to open a wave window go to 'File->New Waveform Configuration' or type 'create_wave_config' in the TCL console."
#   }
# }
# run 1000ns
==== Starting WB2AXI Testbench ====
Successfully data written
DATA WRITTEN TO AXI=0xfadeface
Successfully data read
DATA READ FROM AXI=0xfadeface
==== Testbench Complete ====
$finish called at time : 335 ns : File "C:/Users/DELL/OneDrive/Desktop/FYP/TESTING/Complete_bridge_testing/AXI2WB_bridge test.srcs/sim_1/new/WB2AXI_tb.v" Line 80
INFO: [USF-XSim-96] XSim completed. Design snapshot 'WB2AXI_tb_behav' loaded.
INFO: [USF-XSim-97] XSim simulation ran for 1000ns
launch_simulation: Time (s): cpu = 00:00:16 ; elapsed = 00:00:11 . Memory (MB): peak = 1176.543 ; gain = 27.285
current_wave_config {}
WARNING: [Wavedata 42-16] Error Unable to get wave configuration ''.
Untitled 1
add_wave {{/WB2AXI_tb/uut/bridge_inst}} 
current_wave_config {Untitled 1}
Untitled 1
add_wave {{/WB2AXI_tb/uut/axi_slave_inst}} 
restart
INFO: [Wavedata 42-604] Simulation restarted
run all
==== Starting WB2AXI Testbench ====
Successfully data written
DATA WRITTEN TO AXI=0xfadeface
Successfully data read
DATA READ FROM AXI=0xfadeface
==== Testbench Complete ====
$finish called at time : 335 ns : File "C:/Users/DELL/OneDrive/Desktop/FYP/TESTING/Complete_bridge_testing/AXI2WB_bridge test.srcs/sim_1/new/WB2AXI_tb.v" Line 80
close_sim
INFO: [Simtcl 6-16] Simulation closed
close [ open {C:/Users/DELL/OneDrive/Desktop/FYP/TESTING/Complete_bridge_testing/AXI2WB_bridge test.srcs/sources_1/new/Cmplt_top.v} w ]
add_files {{C:/Users/DELL/OneDrive/Desktop/FYP/TESTING/Complete_bridge_testing/AXI2WB_bridge test.srcs/sources_1/new/Cmplt_top.v}}
update_compile_order -fileset sources_1
set_property top Top [current_fileset]
update_compile_order -fileset sources_1
synth_design -rtl -rtl_skip_mlo -name rtl_1
Command: synth_design -rtl -rtl_skip_mlo -name rtl_1
Starting synth_design
Using part: xc7vx485tffg1157-1
Top: Top
INFO: [Device 21-403] Loading part xc7vx485tffg1157-1
INFO: [Synth 8-11241] undeclared symbol 'REGCCE', assumed default net type 'wire' [C:/Xilinx/Vivado/2022.2/data/verilog/src/unimacro/BRAM_SINGLE_MACRO.v:2170]
---------------------------------------------------------------------------------
Starting RTL Elaboration : Time (s): cpu = 00:00:09 ; elapsed = 00:00:10 . Memory (MB): peak = 2144.664 ; gain = 413.289
---------------------------------------------------------------------------------
INFO: [Synth 8-6157] synthesizing module 'Top' [C:/Users/DELL/OneDrive/Desktop/FYP/TESTING/Complete_bridge_testing/AXI2WB_bridge test.srcs/sources_1/new/Top.v:2]
INFO: [Synth 8-6157] synthesizing module 'complete_bridge' [C:/Users/DELL/OneDrive/Desktop/FYP/TESTING/Complete_bridge_testing/AXI2WB_bridge test.srcs/sources_1/imports/AXI_WISHBONE_BRIDGE/complete_bridge.v:2]
	Parameter AW bound to: 12 - type: integer 
INFO: [Synth 8-155] case statement is not full and has no default [C:/Users/DELL/OneDrive/Desktop/FYP/TESTING/Complete_bridge_testing/AXI2WB_bridge test.srcs/sources_1/imports/AXI_WISHBONE_BRIDGE/complete_bridge.v:109]
INFO: [Synth 8-6155] done synthesizing module 'complete_bridge' (0#1) [C:/Users/DELL/OneDrive/Desktop/FYP/TESTING/Complete_bridge_testing/AXI2WB_bridge test.srcs/sources_1/imports/AXI_WISHBONE_BRIDGE/complete_bridge.v:2]
INFO: [Synth 8-6157] synthesizing module 'wb_slave_dummy' [C:/Users/DELL/OneDrive/Desktop/FYP/TESTING/Complete_bridge_testing/AXI2WB_bridge test.srcs/sources_1/new/wb_slave_dummy.v:4]
INFO: [Synth 8-6155] done synthesizing module 'wb_slave_dummy' (0#1) [C:/Users/DELL/OneDrive/Desktop/FYP/TESTING/Complete_bridge_testing/AXI2WB_bridge test.srcs/sources_1/new/wb_slave_dummy.v:4]
INFO: [Synth 8-6155] done synthesizing module 'Top' (0#1) [C:/Users/DELL/OneDrive/Desktop/FYP/TESTING/Complete_bridge_testing/AXI2WB_bridge test.srcs/sources_1/new/Top.v:2]
WARNING: [Synth 8-3848] Net i_swb_adr in module/entity Top does not have driver. [C:/Users/DELL/OneDrive/Desktop/FYP/TESTING/Complete_bridge_testing/AXI2WB_bridge test.srcs/sources_1/new/Top.v:84]
WARNING: [Synth 8-3848] Net i_swb_dat in module/entity Top does not have driver. [C:/Users/DELL/OneDrive/Desktop/FYP/TESTING/Complete_bridge_testing/AXI2WB_bridge test.srcs/sources_1/new/Top.v:85]
WARNING: [Synth 8-3848] Net i_swb_sel in module/entity Top does not have driver. [C:/Users/DELL/OneDrive/Desktop/FYP/TESTING/Complete_bridge_testing/AXI2WB_bridge test.srcs/sources_1/new/Top.v:86]
WARNING: [Synth 8-3848] Net i_swb_we in module/entity Top does not have driver. [C:/Users/DELL/OneDrive/Desktop/FYP/TESTING/Complete_bridge_testing/AXI2WB_bridge test.srcs/sources_1/new/Top.v:87]
WARNING: [Synth 8-3848] Net i_swb_stb in module/entity Top does not have driver. [C:/Users/DELL/OneDrive/Desktop/FYP/TESTING/Complete_bridge_testing/AXI2WB_bridge test.srcs/sources_1/new/Top.v:88]
WARNING: [Synth 8-7129] Port rst in module wb_slave_dummy is either unconnected or has no load
WARNING: [Synth 8-7129] Port adr_i[31] in module wb_slave_dummy is either unconnected or has no load
WARNING: [Synth 8-7129] Port adr_i[30] in module wb_slave_dummy is either unconnected or has no load
WARNING: [Synth 8-7129] Port adr_i[29] in module wb_slave_dummy is either unconnected or has no load
WARNING: [Synth 8-7129] Port adr_i[28] in module wb_slave_dummy is either unconnected or has no load
WARNING: [Synth 8-7129] Port adr_i[27] in module wb_slave_dummy is either unconnected or has no load
WARNING: [Synth 8-7129] Port adr_i[26] in module wb_slave_dummy is either unconnected or has no load
WARNING: [Synth 8-7129] Port adr_i[25] in module wb_slave_dummy is either unconnected or has no load
WARNING: [Synth 8-7129] Port adr_i[24] in module wb_slave_dummy is either unconnected or has no load
WARNING: [Synth 8-7129] Port adr_i[23] in module wb_slave_dummy is either unconnected or has no load
WARNING: [Synth 8-7129] Port adr_i[22] in module wb_slave_dummy is either unconnected or has no load
WARNING: [Synth 8-7129] Port adr_i[21] in module wb_slave_dummy is either unconnected or has no load
WARNING: [Synth 8-7129] Port adr_i[20] in module wb_slave_dummy is either unconnected or has no load
WARNING: [Synth 8-7129] Port adr_i[19] in module wb_slave_dummy is either unconnected or has no load
WARNING: [Synth 8-7129] Port adr_i[18] in module wb_slave_dummy is either unconnected or has no load
WARNING: [Synth 8-7129] Port adr_i[17] in module wb_slave_dummy is either unconnected or has no load
WARNING: [Synth 8-7129] Port adr_i[16] in module wb_slave_dummy is either unconnected or has no load
WARNING: [Synth 8-7129] Port adr_i[15] in module wb_slave_dummy is either unconnected or has no load
WARNING: [Synth 8-7129] Port adr_i[14] in module wb_slave_dummy is either unconnected or has no load
WARNING: [Synth 8-7129] Port adr_i[13] in module wb_slave_dummy is either unconnected or has no load
WARNING: [Synth 8-7129] Port adr_i[12] in module wb_slave_dummy is either unconnected or has no load
WARNING: [Synth 8-7129] Port adr_i[11] in module wb_slave_dummy is either unconnected or has no load
WARNING: [Synth 8-7129] Port adr_i[10] in module wb_slave_dummy is either unconnected or has no load
WARNING: [Synth 8-7129] Port adr_i[1] in module wb_slave_dummy is either unconnected or has no load
WARNING: [Synth 8-7129] Port adr_i[0] in module wb_slave_dummy is either unconnected or has no load
WARNING: [Synth 8-7129] Port sel_i[3] in module wb_slave_dummy is either unconnected or has no load
WARNING: [Synth 8-7129] Port sel_i[2] in module wb_slave_dummy is either unconnected or has no load
WARNING: [Synth 8-7129] Port sel_i[1] in module wb_slave_dummy is either unconnected or has no load
WARNING: [Synth 8-7129] Port sel_i[0] in module wb_slave_dummy is either unconnected or has no load
WARNING: [Synth 8-7129] Port i_awaddr[1] in module complete_bridge is either unconnected or has no load
WARNING: [Synth 8-7129] Port i_awaddr[0] in module complete_bridge is either unconnected or has no load
WARNING: [Synth 8-7129] Port i_araddr[1] in module complete_bridge is either unconnected or has no load
WARNING: [Synth 8-7129] Port i_araddr[0] in module complete_bridge is either unconnected or has no load
WARNING: [Synth 8-7129] Port i_bmresp[1] in module complete_bridge is either unconnected or has no load
WARNING: [Synth 8-7129] Port i_bmresp[0] in module complete_bridge is either unconnected or has no load
---------------------------------------------------------------------------------
Finished RTL Elaboration : Time (s): cpu = 00:00:13 ; elapsed = 00:00:14 . Memory (MB): peak = 2237.941 ; gain = 506.566
---------------------------------------------------------------------------------
---------------------------------------------------------------------------------
Start Handling Custom Attributes
---------------------------------------------------------------------------------
---------------------------------------------------------------------------------
Finished Handling Custom Attributes : Time (s): cpu = 00:00:13 ; elapsed = 00:00:14 . Memory (MB): peak = 2243.637 ; gain = 512.262
---------------------------------------------------------------------------------
---------------------------------------------------------------------------------
Finished RTL Optimization Phase 1 : Time (s): cpu = 00:00:13 ; elapsed = 00:00:14 . Memory (MB): peak = 2243.637 ; gain = 512.262
---------------------------------------------------------------------------------
Netlist sorting complete. Time (s): cpu = 00:00:00 ; elapsed = 00:00:00.017 . Memory (MB): peak = 2243.637 ; gain = 0.000
INFO: [Project 1-570] Preparing netlist for logic optimization

Processing XDC Constraints
Initializing timing engine
Completed Processing XDC Constraints

Netlist sorting complete. Time (s): cpu = 00:00:00 ; elapsed = 00:00:00.001 . Memory (MB): peak = 2363.773 ; gain = 0.000
INFO: [Project 1-111] Unisim Transformation Summary:
No Unisim elements were transformed.

RTL Elaboration Complete:  : Time (s): cpu = 00:00:33 ; elapsed = 00:00:24 . Memory (MB): peak = 2435.750 ; gain = 704.375
11 Infos, 40 Warnings, 0 Critical Warnings and 0 Errors encountered.
synth_design completed successfully
synth_design: Time (s): cpu = 00:00:50 ; elapsed = 00:01:00 . Memory (MB): peak = 2435.750 ; gain = 1230.070
set_property top Cmplt_top [current_fileset]
update_compile_order -fileset sources_1
refresh_design
INFO: [Synth 8-11241] undeclared symbol 'REGCCE', assumed default net type 'wire' [C:/Xilinx/Vivado/2022.2/data/verilog/src/unimacro/BRAM_SINGLE_MACRO.v:2170]
ERROR: [Synth 8-36] 'o_mwb_addr' is not declared [C:/Users/DELL/OneDrive/Desktop/FYP/TESTING/Complete_bridge_testing/AXI2WB_bridge test.srcs/sources_1/new/Cmplt_top.v:175]
INFO: [Synth 8-10285] module 'Cmplt_top' is ignored due to previous errors [C:/Users/DELL/OneDrive/Desktop/FYP/TESTING/Complete_bridge_testing/AXI2WB_bridge test.srcs/sources_1/new/Cmplt_top.v:184]
INFO: [Synth 8-9084] Verilog file 'C:/Users/DELL/OneDrive/Desktop/FYP/TESTING/Complete_bridge_testing/AXI2WB_bridge test.srcs/sources_1/new/Cmplt_top.v' ignored due to errors
Failed to read verilog 'C:/Users/DELL/OneDrive/Desktop/FYP/TESTING/Complete_bridge_testing/AXI2WB_bridge test.srcs/sources_1/new/Cmplt_top.v'
refresh_design: Time (s): cpu = 00:00:08 ; elapsed = 00:00:09 . Memory (MB): peak = 2454.633 ; gain = 18.883
ERROR: [Common 17-39] 'refresh_design' failed due to earlier errors.
refresh_design
INFO: [Synth 8-11241] undeclared symbol 'REGCCE', assumed default net type 'wire' [C:/Xilinx/Vivado/2022.2/data/verilog/src/unimacro/BRAM_SINGLE_MACRO.v:2170]
---------------------------------------------------------------------------------
Starting RTL Elaboration : Time (s): cpu = 00:00:10 ; elapsed = 00:00:09 . Memory (MB): peak = 2466.750 ; gain = 12.117
---------------------------------------------------------------------------------
INFO: [Synth 8-6157] synthesizing module 'Cmplt_top' [C:/Users/DELL/OneDrive/Desktop/FYP/TESTING/Complete_bridge_testing/AXI2WB_bridge test.srcs/sources_1/new/Cmplt_top.v:2]
INFO: [Synth 8-6157] synthesizing module 'complete_bridge' [C:/Users/DELL/OneDrive/Desktop/FYP/TESTING/Complete_bridge_testing/AXI2WB_bridge test.srcs/sources_1/imports/AXI_WISHBONE_BRIDGE/complete_bridge.v:2]
	Parameter AW bound to: 12 - type: integer 
INFO: [Synth 8-155] case statement is not full and has no default [C:/Users/DELL/OneDrive/Desktop/FYP/TESTING/Complete_bridge_testing/AXI2WB_bridge test.srcs/sources_1/imports/AXI_WISHBONE_BRIDGE/complete_bridge.v:109]
INFO: [Synth 8-6155] done synthesizing module 'complete_bridge' (0#1) [C:/Users/DELL/OneDrive/Desktop/FYP/TESTING/Complete_bridge_testing/AXI2WB_bridge test.srcs/sources_1/imports/AXI_WISHBONE_BRIDGE/complete_bridge.v:2]
INFO: [Synth 8-6157] synthesizing module 'axi_slave_ip' [C:/Users/DELL/OneDrive/Desktop/FYP/TESTING/Complete_bridge_testing/AXI2WB_bridge test.srcs/sources_1/new/axi_master_dummy.v:4]
	Parameter ADDR_WIDTH bound to: 12 - type: integer 
	Parameter DATA_WIDTH bound to: 32 - type: integer 
INFO: [Synth 8-6155] done synthesizing module 'axi_slave_ip' (0#1) [C:/Users/DELL/OneDrive/Desktop/FYP/TESTING/Complete_bridge_testing/AXI2WB_bridge test.srcs/sources_1/new/axi_master_dummy.v:4]
INFO: [Synth 8-6157] synthesizing module 'wb_slave_dummy' [C:/Users/DELL/OneDrive/Desktop/FYP/TESTING/Complete_bridge_testing/AXI2WB_bridge test.srcs/sources_1/new/wb_slave_dummy.v:4]
INFO: [Synth 8-6155] done synthesizing module 'wb_slave_dummy' (0#1) [C:/Users/DELL/OneDrive/Desktop/FYP/TESTING/Complete_bridge_testing/AXI2WB_bridge test.srcs/sources_1/new/wb_slave_dummy.v:4]
INFO: [Synth 8-6155] done synthesizing module 'Cmplt_top' (0#1) [C:/Users/DELL/OneDrive/Desktop/FYP/TESTING/Complete_bridge_testing/AXI2WB_bridge test.srcs/sources_1/new/Cmplt_top.v:2]
WARNING: [Synth 8-3848] Net i_awaddr in module/entity Cmplt_top does not have driver. [C:/Users/DELL/OneDrive/Desktop/FYP/TESTING/Complete_bridge_testing/AXI2WB_bridge test.srcs/sources_1/new/Cmplt_top.v:48]
WARNING: [Synth 8-3848] Net i_awvalid in module/entity Cmplt_top does not have driver. [C:/Users/DELL/OneDrive/Desktop/FYP/TESTING/Complete_bridge_testing/AXI2WB_bridge test.srcs/sources_1/new/Cmplt_top.v:49]
WARNING: [Synth 8-3848] Net i_araddr in module/entity Cmplt_top does not have driver. [C:/Users/DELL/OneDrive/Desktop/FYP/TESTING/Complete_bridge_testing/AXI2WB_bridge test.srcs/sources_1/new/Cmplt_top.v:51]
WARNING: [Synth 8-3848] Net i_arvalid in module/entity Cmplt_top does not have driver. [C:/Users/DELL/OneDrive/Desktop/FYP/TESTING/Complete_bridge_testing/AXI2WB_bridge test.srcs/sources_1/new/Cmplt_top.v:52]
WARNING: [Synth 8-3848] Net i_wdata in module/entity Cmplt_top does not have driver. [C:/Users/DELL/OneDrive/Desktop/FYP/TESTING/Complete_bridge_testing/AXI2WB_bridge test.srcs/sources_1/new/Cmplt_top.v:54]
WARNING: [Synth 8-3848] Net i_wstrb in module/entity Cmplt_top does not have driver. [C:/Users/DELL/OneDrive/Desktop/FYP/TESTING/Complete_bridge_testing/AXI2WB_bridge test.srcs/sources_1/new/Cmplt_top.v:55]
WARNING: [Synth 8-3848] Net i_wvalid in module/entity Cmplt_top does not have driver. [C:/Users/DELL/OneDrive/Desktop/FYP/TESTING/Complete_bridge_testing/AXI2WB_bridge test.srcs/sources_1/new/Cmplt_top.v:56]
WARNING: [Synth 8-3848] Net i_bready in module/entity Cmplt_top does not have driver. [C:/Users/DELL/OneDrive/Desktop/FYP/TESTING/Complete_bridge_testing/AXI2WB_bridge test.srcs/sources_1/new/Cmplt_top.v:60]
WARNING: [Synth 8-3848] Net i_rready in module/entity Cmplt_top does not have driver. [C:/Users/DELL/OneDrive/Desktop/FYP/TESTING/Complete_bridge_testing/AXI2WB_bridge test.srcs/sources_1/new/Cmplt_top.v:65]
WARNING: [Synth 8-7129] Port rst in module wb_slave_dummy is either unconnected or has no load
WARNING: [Synth 8-7129] Port adr_i[31] in module wb_slave_dummy is either unconnected or has no load
WARNING: [Synth 8-7129] Port adr_i[30] in module wb_slave_dummy is either unconnected or has no load
WARNING: [Synth 8-7129] Port adr_i[29] in module wb_slave_dummy is either unconnected or has no load
WARNING: [Synth 8-7129] Port adr_i[28] in module wb_slave_dummy is either unconnected or has no load
WARNING: [Synth 8-7129] Port adr_i[27] in module wb_slave_dummy is either unconnected or has no load
WARNING: [Synth 8-7129] Port adr_i[26] in module wb_slave_dummy is either unconnected or has no load
WARNING: [Synth 8-7129] Port adr_i[25] in module wb_slave_dummy is either unconnected or has no load
WARNING: [Synth 8-7129] Port adr_i[24] in module wb_slave_dummy is either unconnected or has no load
WARNING: [Synth 8-7129] Port adr_i[23] in module wb_slave_dummy is either unconnected or has no load
WARNING: [Synth 8-7129] Port adr_i[22] in module wb_slave_dummy is either unconnected or has no load
WARNING: [Synth 8-7129] Port adr_i[21] in module wb_slave_dummy is either unconnected or has no load
WARNING: [Synth 8-7129] Port adr_i[20] in module wb_slave_dummy is either unconnected or has no load
WARNING: [Synth 8-7129] Port adr_i[19] in module wb_slave_dummy is either unconnected or has no load
WARNING: [Synth 8-7129] Port adr_i[18] in module wb_slave_dummy is either unconnected or has no load
WARNING: [Synth 8-7129] Port adr_i[17] in module wb_slave_dummy is either unconnected or has no load
WARNING: [Synth 8-7129] Port adr_i[16] in module wb_slave_dummy is either unconnected or has no load
WARNING: [Synth 8-7129] Port adr_i[15] in module wb_slave_dummy is either unconnected or has no load
WARNING: [Synth 8-7129] Port adr_i[14] in module wb_slave_dummy is either unconnected or has no load
WARNING: [Synth 8-7129] Port adr_i[13] in module wb_slave_dummy is either unconnected or has no load
WARNING: [Synth 8-7129] Port adr_i[12] in module wb_slave_dummy is either unconnected or has no load
WARNING: [Synth 8-7129] Port adr_i[11] in module wb_slave_dummy is either unconnected or has no load
WARNING: [Synth 8-7129] Port adr_i[10] in module wb_slave_dummy is either unconnected or has no load
WARNING: [Synth 8-7129] Port adr_i[1] in module wb_slave_dummy is either unconnected or has no load
WARNING: [Synth 8-7129] Port adr_i[0] in module wb_slave_dummy is either unconnected or has no load
WARNING: [Synth 8-7129] Port sel_i[3] in module wb_slave_dummy is either unconnected or has no load
WARNING: [Synth 8-7129] Port sel_i[2] in module wb_slave_dummy is either unconnected or has no load
WARNING: [Synth 8-7129] Port sel_i[1] in module wb_slave_dummy is either unconnected or has no load
WARNING: [Synth 8-7129] Port sel_i[0] in module wb_slave_dummy is either unconnected or has no load
WARNING: [Synth 8-7129] Port AWADDR[1] in module axi_slave_ip is either unconnected or has no load
WARNING: [Synth 8-7129] Port AWADDR[0] in module axi_slave_ip is either unconnected or has no load
WARNING: [Synth 8-7129] Port ARADDR[1] in module axi_slave_ip is either unconnected or has no load
WARNING: [Synth 8-7129] Port ARADDR[0] in module axi_slave_ip is either unconnected or has no load
WARNING: [Synth 8-7129] Port i_awaddr[1] in module complete_bridge is either unconnected or has no load
WARNING: [Synth 8-7129] Port i_awaddr[0] in module complete_bridge is either unconnected or has no load
WARNING: [Synth 8-7129] Port i_araddr[1] in module complete_bridge is either unconnected or has no load
WARNING: [Synth 8-7129] Port i_araddr[0] in module complete_bridge is either unconnected or has no load
WARNING: [Synth 8-7129] Port i_bmresp[1] in module complete_bridge is either unconnected or has no load
WARNING: [Synth 8-7129] Port i_bmresp[0] in module complete_bridge is either unconnected or has no load
---------------------------------------------------------------------------------
Finished RTL Elaboration : Time (s): cpu = 00:00:13 ; elapsed = 00:00:12 . Memory (MB): peak = 2553.949 ; gain = 99.316
---------------------------------------------------------------------------------
---------------------------------------------------------------------------------
Start Handling Custom Attributes
---------------------------------------------------------------------------------
---------------------------------------------------------------------------------
Finished Handling Custom Attributes : Time (s): cpu = 00:00:13 ; elapsed = 00:00:12 . Memory (MB): peak = 2575.852 ; gain = 121.219
---------------------------------------------------------------------------------
---------------------------------------------------------------------------------
Finished RTL Optimization Phase 1 : Time (s): cpu = 00:00:13 ; elapsed = 00:00:12 . Memory (MB): peak = 2575.852 ; gain = 121.219
---------------------------------------------------------------------------------
Netlist sorting complete. Time (s): cpu = 00:00:00 ; elapsed = 00:00:00.020 . Memory (MB): peak = 2578.523 ; gain = 0.000
INFO: [Project 1-570] Preparing netlist for logic optimization

Processing XDC Constraints
Initializing timing engine
Completed Processing XDC Constraints

refresh_design: Time (s): cpu = 00:00:24 ; elapsed = 00:00:17 . Memory (MB): peak = 2589.688 ; gain = 135.055
refresh_design
INFO: [Synth 8-11241] undeclared symbol 'REGCCE', assumed default net type 'wire' [C:/Xilinx/Vivado/2022.2/data/verilog/src/unimacro/BRAM_SINGLE_MACRO.v:2170]
---------------------------------------------------------------------------------
Starting RTL Elaboration : Time (s): cpu = 00:00:09 ; elapsed = 00:00:09 . Memory (MB): peak = 2589.742 ; gain = 0.000
---------------------------------------------------------------------------------
INFO: [Synth 8-6157] synthesizing module 'Cmplt_top' [C:/Users/DELL/OneDrive/Desktop/FYP/TESTING/Complete_bridge_testing/AXI2WB_bridge test.srcs/sources_1/new/Cmplt_top.v:2]
INFO: [Synth 8-6157] synthesizing module 'complete_bridge' [C:/Users/DELL/OneDrive/Desktop/FYP/TESTING/Complete_bridge_testing/AXI2WB_bridge test.srcs/sources_1/imports/AXI_WISHBONE_BRIDGE/complete_bridge.v:2]
	Parameter AW bound to: 12 - type: integer 
INFO: [Synth 8-155] case statement is not full and has no default [C:/Users/DELL/OneDrive/Desktop/FYP/TESTING/Complete_bridge_testing/AXI2WB_bridge test.srcs/sources_1/imports/AXI_WISHBONE_BRIDGE/complete_bridge.v:109]
INFO: [Synth 8-6155] done synthesizing module 'complete_bridge' (0#1) [C:/Users/DELL/OneDrive/Desktop/FYP/TESTING/Complete_bridge_testing/AXI2WB_bridge test.srcs/sources_1/imports/AXI_WISHBONE_BRIDGE/complete_bridge.v:2]
INFO: [Synth 8-6157] synthesizing module 'axi_slave_ip' [C:/Users/DELL/OneDrive/Desktop/FYP/TESTING/Complete_bridge_testing/AXI2WB_bridge test.srcs/sources_1/new/axi_master_dummy.v:4]
	Parameter ADDR_WIDTH bound to: 12 - type: integer 
	Parameter DATA_WIDTH bound to: 32 - type: integer 
INFO: [Synth 8-6155] done synthesizing module 'axi_slave_ip' (0#1) [C:/Users/DELL/OneDrive/Desktop/FYP/TESTING/Complete_bridge_testing/AXI2WB_bridge test.srcs/sources_1/new/axi_master_dummy.v:4]
INFO: [Synth 8-6157] synthesizing module 'wb_slave_dummy' [C:/Users/DELL/OneDrive/Desktop/FYP/TESTING/Complete_bridge_testing/AXI2WB_bridge test.srcs/sources_1/new/wb_slave_dummy.v:4]
INFO: [Synth 8-6155] done synthesizing module 'wb_slave_dummy' (0#1) [C:/Users/DELL/OneDrive/Desktop/FYP/TESTING/Complete_bridge_testing/AXI2WB_bridge test.srcs/sources_1/new/wb_slave_dummy.v:4]
INFO: [Synth 8-6155] done synthesizing module 'Cmplt_top' (0#1) [C:/Users/DELL/OneDrive/Desktop/FYP/TESTING/Complete_bridge_testing/AXI2WB_bridge test.srcs/sources_1/new/Cmplt_top.v:2]
WARNING: [Synth 8-7129] Port rst in module wb_slave_dummy is either unconnected or has no load
WARNING: [Synth 8-7129] Port adr_i[31] in module wb_slave_dummy is either unconnected or has no load
WARNING: [Synth 8-7129] Port adr_i[30] in module wb_slave_dummy is either unconnected or has no load
WARNING: [Synth 8-7129] Port adr_i[29] in module wb_slave_dummy is either unconnected or has no load
WARNING: [Synth 8-7129] Port adr_i[28] in module wb_slave_dummy is either unconnected or has no load
WARNING: [Synth 8-7129] Port adr_i[27] in module wb_slave_dummy is either unconnected or has no load
WARNING: [Synth 8-7129] Port adr_i[26] in module wb_slave_dummy is either unconnected or has no load
WARNING: [Synth 8-7129] Port adr_i[25] in module wb_slave_dummy is either unconnected or has no load
WARNING: [Synth 8-7129] Port adr_i[24] in module wb_slave_dummy is either unconnected or has no load
WARNING: [Synth 8-7129] Port adr_i[23] in module wb_slave_dummy is either unconnected or has no load
WARNING: [Synth 8-7129] Port adr_i[22] in module wb_slave_dummy is either unconnected or has no load
WARNING: [Synth 8-7129] Port adr_i[21] in module wb_slave_dummy is either unconnected or has no load
WARNING: [Synth 8-7129] Port adr_i[20] in module wb_slave_dummy is either unconnected or has no load
WARNING: [Synth 8-7129] Port adr_i[19] in module wb_slave_dummy is either unconnected or has no load
WARNING: [Synth 8-7129] Port adr_i[18] in module wb_slave_dummy is either unconnected or has no load
WARNING: [Synth 8-7129] Port adr_i[17] in module wb_slave_dummy is either unconnected or has no load
WARNING: [Synth 8-7129] Port adr_i[16] in module wb_slave_dummy is either unconnected or has no load
WARNING: [Synth 8-7129] Port adr_i[15] in module wb_slave_dummy is either unconnected or has no load
WARNING: [Synth 8-7129] Port adr_i[14] in module wb_slave_dummy is either unconnected or has no load
WARNING: [Synth 8-7129] Port adr_i[13] in module wb_slave_dummy is either unconnected or has no load
WARNING: [Synth 8-7129] Port adr_i[12] in module wb_slave_dummy is either unconnected or has no load
WARNING: [Synth 8-7129] Port adr_i[11] in module wb_slave_dummy is either unconnected or has no load
WARNING: [Synth 8-7129] Port adr_i[10] in module wb_slave_dummy is either unconnected or has no load
WARNING: [Synth 8-7129] Port adr_i[1] in module wb_slave_dummy is either unconnected or has no load
WARNING: [Synth 8-7129] Port adr_i[0] in module wb_slave_dummy is either unconnected or has no load
WARNING: [Synth 8-7129] Port sel_i[3] in module wb_slave_dummy is either unconnected or has no load
WARNING: [Synth 8-7129] Port sel_i[2] in module wb_slave_dummy is either unconnected or has no load
WARNING: [Synth 8-7129] Port sel_i[1] in module wb_slave_dummy is either unconnected or has no load
WARNING: [Synth 8-7129] Port sel_i[0] in module wb_slave_dummy is either unconnected or has no load
WARNING: [Synth 8-7129] Port AWADDR[1] in module axi_slave_ip is either unconnected or has no load
WARNING: [Synth 8-7129] Port AWADDR[0] in module axi_slave_ip is either unconnected or has no load
WARNING: [Synth 8-7129] Port ARADDR[1] in module axi_slave_ip is either unconnected or has no load
WARNING: [Synth 8-7129] Port ARADDR[0] in module axi_slave_ip is either unconnected or has no load
WARNING: [Synth 8-7129] Port i_awaddr[1] in module complete_bridge is either unconnected or has no load
WARNING: [Synth 8-7129] Port i_awaddr[0] in module complete_bridge is either unconnected or has no load
WARNING: [Synth 8-7129] Port i_araddr[1] in module complete_bridge is either unconnected or has no load
WARNING: [Synth 8-7129] Port i_araddr[0] in module complete_bridge is either unconnected or has no load
WARNING: [Synth 8-7129] Port i_bmresp[1] in module complete_bridge is either unconnected or has no load
WARNING: [Synth 8-7129] Port i_bmresp[0] in module complete_bridge is either unconnected or has no load
---------------------------------------------------------------------------------
Finished RTL Elaboration : Time (s): cpu = 00:00:12 ; elapsed = 00:00:12 . Memory (MB): peak = 2589.742 ; gain = 0.000
---------------------------------------------------------------------------------
---------------------------------------------------------------------------------
Start Handling Custom Attributes
---------------------------------------------------------------------------------
---------------------------------------------------------------------------------
Finished Handling Custom Attributes : Time (s): cpu = 00:00:12 ; elapsed = 00:00:12 . Memory (MB): peak = 2589.742 ; gain = 0.000
---------------------------------------------------------------------------------
---------------------------------------------------------------------------------
Finished RTL Optimization Phase 1 : Time (s): cpu = 00:00:12 ; elapsed = 00:00:12 . Memory (MB): peak = 2589.742 ; gain = 0.000
---------------------------------------------------------------------------------
Netlist sorting complete. Time (s): cpu = 00:00:00 ; elapsed = 00:00:00.053 . Memory (MB): peak = 2589.742 ; gain = 0.000
INFO: [Project 1-570] Preparing netlist for logic optimization

Processing XDC Constraints
Initializing timing engine
Completed Processing XDC Constraints

refresh_design: Time (s): cpu = 00:00:24 ; elapsed = 00:00:19 . Memory (MB): peak = 2609.156 ; gain = 19.414
exit
INFO: [Common 17-206] Exiting Vivado at Tue May 13 15:43:34 2025...
