srcscan starts
INFO: analyzing module BRIDGE_TOP (VERI-9002)
INFO: analyzing module Top (VERI-9002)
INFO: analyzing module WB2AXI_tb (VERI-9002)
INFO: analyzing module axi_slave_ip (VERI-9002)
INFO: analyzing module brg_test_bench (VERI-9002)
C:/Users/DELL/OneDrive/Desktop/FYP/TESTING/Complete_bridge_testing/AXI2WB_bridge test.srcs/sim_1/new/brg_test_bench.v(90): INFO: undeclared symbol 'i_mwb_adr', assumed default net type 'wire' (VERI-2561)
C:/Users/DELL/OneDrive/Desktop/FYP/TESTING/Complete_bridge_testing/AXI2WB_bridge test.srcs/sim_1/new/brg_test_bench.v(95): INFO: undeclared symbol 'o_mwb_rdt', assumed default net type 'wire' (VERI-2561)
C:/Users/DELL/OneDrive/Desktop/FYP/TESTING/Complete_bridge_testing/AXI2WB_bridge test.srcs/sim_1/new/brg_test_bench.v(99): INFO: undeclared symbol 'o_swb_adr', assumed default net type 'wire' (VERI-2561)
C:/Users/DELL/OneDrive/Desktop/FYP/TESTING/Complete_bridge_testing/AXI2WB_bridge test.srcs/sim_1/new/brg_test_bench.v(100): INFO: undeclared symbol 'o_swb_dat', assumed default net type 'wire' (VERI-2561)
C:/Users/DELL/OneDrive/Desktop/FYP/TESTING/Complete_bridge_testing/AXI2WB_bridge test.srcs/sim_1/new/brg_test_bench.v(104): INFO: undeclared symbol 'i_swb_rdt', assumed default net type 'wire' (VERI-2561)
C:/Users/DELL/OneDrive/Desktop/FYP/TESTING/Complete_bridge_testing/AXI2WB_bridge test.srcs/sim_1/new/brg_test_bench.v(105): INFO: undeclared symbol 'i_swb_ack', assumed default net type 'wire' (VERI-2561)
INFO: analyzing module complete_bridge (VERI-9002)
INFO: analyzing module tb_Top (VERI-9002)
INFO: analyzing module wb2axi_top (VERI-9002)
INFO: analyzing module wb_dummy_master_ip (VERI-9002)
INFO: analyzing module wb_slave_dummy (VERI-9002)
Listing tops:
VeriTop library:xil_defaultlib mod:WB2AXI_tb
VeriTop library:xil_defaultlib mod:brg_test_bench
VeriTop library:xil_defaultlib mod:tb_Top
VeriTop library:xil_defaultlib mod:wb_dummy_master_ip
END of tops
C:/Users/DELL/OneDrive/Desktop/FYP/TESTING/Complete_bridge_testing/AXI2WB_bridge test.srcs/sim_1/new/WB2AXI_tb.v(3): INFO: compiling module 'WB2AXI_tb_default' (VERI-1018)
C:/Users/DELL/OneDrive/Desktop/FYP/TESTING/Complete_bridge_testing/AXI2WB_bridge test.srcs/sim_1/new/brg_test_bench.v(3): INFO: compiling module 'brg_test_bench_default' (VERI-1018)
C:/Users/DELL/OneDrive/Desktop/FYP/TESTING/Complete_bridge_testing/AXI2WB_bridge test.srcs/sim_1/new/tb_top.v(3): INFO: compiling module 'tb_Top_default' (VERI-1018)
C:/Users/DELL/OneDrive/Desktop/FYP/TESTING/Complete_bridge_testing/AXI2WB_bridge test.srcs/sources_1/new/wb_dummy_master_ip.v(6): INFO: compiling module 'wb_dummy_master_ip_default' (VERI-1018)
C:/Users/DELL/OneDrive/Desktop/FYP/TESTING/Complete_bridge_testing/AXI2WB_bridge test.srcs/sim_1/new/WB2AXI_tb.v(25): WARNING: port 'i_mwb_rdt' is not connected on this instance (VERI-2435)
C:/Users/DELL/OneDrive/Desktop/FYP/TESTING/Complete_bridge_testing/AXI2WB_bridge test.srcs/sim_1/new/brg_test_bench.v(71): ERROR: concurrent assignment to a non-net 'io_awaddr' is not permitted (VERI-1195)
C:/Users/DELL/OneDrive/Desktop/FYP/TESTING/Complete_bridge_testing/AXI2WB_bridge test.srcs/sim_1/new/brg_test_bench.v(71): ERROR: non-net variable cannot be connected to inout port 'io_awaddr' (VERI-1566)
C:/Users/DELL/OneDrive/Desktop/FYP/TESTING/Complete_bridge_testing/AXI2WB_bridge test.srcs/sim_1/new/brg_test_bench.v(72): ERROR: concurrent assignment to a non-net 'io_awvalid' is not permitted (VERI-1195)
C:/Users/DELL/OneDrive/Desktop/FYP/TESTING/Complete_bridge_testing/AXI2WB_bridge test.srcs/sim_1/new/brg_test_bench.v(72): ERROR: non-net variable cannot be connected to inout port 'io_awvalid' (VERI-1566)
C:/Users/DELL/OneDrive/Desktop/FYP/TESTING/Complete_bridge_testing/AXI2WB_bridge test.srcs/sim_1/new/brg_test_bench.v(74): ERROR: concurrent assignment to a non-net 'io_wdata' is not permitted (VERI-1195)
C:/Users/DELL/OneDrive/Desktop/FYP/TESTING/Complete_bridge_testing/AXI2WB_bridge test.srcs/sim_1/new/brg_test_bench.v(74): ERROR: non-net variable cannot be connected to inout port 'io_wdata' (VERI-1566)
C:/Users/DELL/OneDrive/Desktop/FYP/TESTING/Complete_bridge_testing/AXI2WB_bridge test.srcs/sim_1/new/brg_test_bench.v(75): ERROR: concurrent assignment to a non-net 'io_wstrb' is not permitted (VERI-1195)
C:/Users/DELL/OneDrive/Desktop/FYP/TESTING/Complete_bridge_testing/AXI2WB_bridge test.srcs/sim_1/new/brg_test_bench.v(75): ERROR: non-net variable cannot be connected to inout port 'io_wstrb' (VERI-1566)
C:/Users/DELL/OneDrive/Desktop/FYP/TESTING/Complete_bridge_testing/AXI2WB_bridge test.srcs/sim_1/new/brg_test_bench.v(76): ERROR: concurrent assignment to a non-net 'io_wvalid' is not permitted (VERI-1195)
C:/Users/DELL/OneDrive/Desktop/FYP/TESTING/Complete_bridge_testing/AXI2WB_bridge test.srcs/sim_1/new/brg_test_bench.v(76): ERROR: non-net variable cannot be connected to inout port 'io_wvalid' (VERI-1566)
C:/Users/DELL/OneDrive/Desktop/FYP/TESTING/Complete_bridge_testing/AXI2WB_bridge test.srcs/sim_1/new/brg_test_bench.v(80): ERROR: concurrent assignment to a non-net 'io_bready' is not permitted (VERI-1195)
C:/Users/DELL/OneDrive/Desktop/FYP/TESTING/Complete_bridge_testing/AXI2WB_bridge test.srcs/sim_1/new/brg_test_bench.v(80): ERROR: non-net variable cannot be connected to inout port 'io_bready' (VERI-1566)
C:/Users/DELL/OneDrive/Desktop/FYP/TESTING/Complete_bridge_testing/AXI2WB_bridge test.srcs/sim_1/new/brg_test_bench.v(81): ERROR: concurrent assignment to a non-net 'io_araddr' is not permitted (VERI-1195)
C:/Users/DELL/OneDrive/Desktop/FYP/TESTING/Complete_bridge_testing/AXI2WB_bridge test.srcs/sim_1/new/brg_test_bench.v(81): ERROR: non-net variable cannot be connected to inout port 'io_araddr' (VERI-1566)
C:/Users/DELL/OneDrive/Desktop/FYP/TESTING/Complete_bridge_testing/AXI2WB_bridge test.srcs/sim_1/new/brg_test_bench.v(82): ERROR: concurrent assignment to a non-net 'io_arvalid' is not permitted (VERI-1195)
C:/Users/DELL/OneDrive/Desktop/FYP/TESTING/Complete_bridge_testing/AXI2WB_bridge test.srcs/sim_1/new/brg_test_bench.v(82): ERROR: non-net variable cannot be connected to inout port 'io_arvalid' (VERI-1566)
C:/Users/DELL/OneDrive/Desktop/FYP/TESTING/Complete_bridge_testing/AXI2WB_bridge test.srcs/sim_1/new/brg_test_bench.v(88): ERROR: concurrent assignment to a non-net 'io_rready' is not permitted (VERI-1195)
C:/Users/DELL/OneDrive/Desktop/FYP/TESTING/Complete_bridge_testing/AXI2WB_bridge test.srcs/sim_1/new/brg_test_bench.v(88): ERROR: non-net variable cannot be connected to inout port 'io_rready' (VERI-1566)
C:/Users/DELL/OneDrive/Desktop/FYP/TESTING/Complete_bridge_testing/AXI2WB_bridge test.srcs/sim_1/new/brg_test_bench.v(91): ERROR: concurrent assignment to a non-net 'i_mwb_dat' is not permitted (VERI-1195)
C:/Users/DELL/OneDrive/Desktop/FYP/TESTING/Complete_bridge_testing/AXI2WB_bridge test.srcs/sim_1/new/brg_test_bench.v(92): ERROR: concurrent assignment to a non-net 'i_mwb_sel' is not permitted (VERI-1195)
C:/Users/DELL/OneDrive/Desktop/FYP/TESTING/Complete_bridge_testing/AXI2WB_bridge test.srcs/sim_1/new/brg_test_bench.v(93): ERROR: concurrent assignment to a non-net 'i_mwb_we' is not permitted (VERI-1195)
C:/Users/DELL/OneDrive/Desktop/FYP/TESTING/Complete_bridge_testing/AXI2WB_bridge test.srcs/sim_1/new/brg_test_bench.v(94): ERROR: concurrent assignment to a non-net 'i_mwb_stb' is not permitted (VERI-1195)
C:/Users/DELL/OneDrive/Desktop/FYP/TESTING/Complete_bridge_testing/AXI2WB_bridge test.srcs/sim_1/new/tb_top.v(30): WARNING: port 'i_awmready' is not connected on this instance (VERI-2435)
srcscan exits with return value 0
